[INFO] 2026/03/22 21:43:51 logger.go:41: Starting Itinerary Service
[INFO] 2026/03/22 21:43:51 logger.go:41: SQLite database connection pool initialized
[INFO] 2026/03/22 21:43:52 logger.go:41: Database connection successful
[INFO] 2026/03/22 21:43:52 logger.go:41: Starting server on port 8080
[ERROR] 2026/03/22 21:44:11 logger.go:46: Failed to get destinations: sql: Scan error on column index 4, name "image_url": converting NULL to string is unsupported
[ERROR] 2026/03/22 21:44:14 logger.go:46: Failed to get destinations: sql: Scan error on column index 4, name "image_url": converting NULL to string is unsupported
[INFO] 2026/03/22 21:47:19 logger.go:41: Starting Itinerary Service
[INFO] 2026/03/22 21:47:19 logger.go:41: SQLite database connection pool initialized
[INFO] 2026/03/22 21:47:19 logger.go:41: Database connection successful
[INFO] 2026/03/22 21:47:19 logger.go:41: Starting server on port 8080
[ERROR] 2026/03/22 21:47:45 logger.go:46: Failed to get destinations: sql: Scan error on column index 4, name "image_url": converting NULL to string is unsupported
[INFO] 2026/03/22 21:48:13 logger.go:41: Starting Itinerary Service
[INFO] 2026/03/22 21:48:13 logger.go:41: SQLite database connection pool initialized
[INFO] 2026/03/22 21:48:13 logger.go:41: Database connection successful
[INFO] 2026/03/22 21:48:13 logger.go:41: Starting server on port 8080
[ERROR] 2026/03/22 21:48:55 logger.go:46: Failed to get items for itinerary: sql: Scan error on column index 10, name "image_url": converting NULL to string is unsupported
[ERROR] 2026/03/22 21:48:59 logger.go:46: Failed to get itinerary: sql: Scan error on column index 10, name "image_url": converting NULL to string is unsupported
[ERROR] 2026/03/22 21:49:03 logger.go:46: Failed to get items for itinerary: sql: Scan error on column index 10, name "image_url": converting NULL to string is unsupported
[ERROR] 2026/03/22 21:50:20 logger.go:46: Failed to get itinerary: sql: Scan error on column index 10, name "image_url": converting NULL to string is unsupported
[ERROR] 2026/03/22 21:52:56 logger.go:46: Failed to get items for itinerary: sql: Scan error on column index 10, name "image_url": converting NULL to string is unsupported
[ERROR] 2026/03/22 21:53:02 logger.go:46: Failed to get itinerary: sql: Scan error on column index 10, name "image_url": converting NULL to string is unsupported
[ERROR] 2026/03/22 21:53:07 logger.go:46: Failed to get items for itinerary: sql: Scan error on column index 10, name "image_url": converting NULL to string is unsupported
[ERROR] 2026/03/22 21:53:20 logger.go:46: Failed to get itinerary: sql: Scan error on column index 10, name "image_url": converting NULL to string is unsupported
[ERROR] 2026/03/22 21:54:27 logger.go:46: Failed to get items for itinerary: sql: Scan error on column index 10, name "image_url": converting NULL to string is unsupported
[ERROR] 2026/03/22 21:54:47 logger.go:46: Failed to get itinerary: sql: Scan error on column index 10, name "image_url": converting NULL to string is unsupported
